<?xml version="1.0" encoding="UTF-8"?>
<!-- Generated by org.testng.reporters.JUnitReportReporter -->
<testsuite hostname="QT-INBG-LT0315" failures="0" tests="1" name="SignUp" time="6.845" errors="0" timestamp="2022-09-19T13:34:48 IST" skipped="0">
  <testcase classname="SignUp" name="signup" time="6.845"/>
  <system-out/>
</testsuite> <!-- SignUp -->
