<?xml version="1.0" encoding="UTF-8"?>
<!-- Generated by org.testng.reporters.JUnitReportReporter -->
<testsuite hostname="QT-INBG-LT0315" failures="0" tests="1" name="SignIn" time="7.605" errors="0" timestamp="2022-09-19T15:59:38 IST" skipped="0">
  <testcase classname="SignIn" name="signin" time="7.605"/>
  <system-out/>
</testsuite> <!-- SignIn -->
